\BOOKMARK [1][-]{section.1}{New biological insights through molecular resolution?}{}% 1
\BOOKMARK [2][-]{subsection.1.1}{New insights into nuclear pore biology}{section.1}% 2
\BOOKMARK [2][-]{subsection.1.2}{Need for independent validation}{section.1}% 3
\BOOKMARK [2][-]{subsection.1.3}{Detection vs labelling efficiency}{section.1}% 4
\BOOKMARK [2][-]{subsection.1.4}{MINFLUX and the case of fewer photons}{section.1}% 5
\BOOKMARK [1][-]{section.2}{Apriori structural information and event filtering}{}% 6
\BOOKMARK [2][-]{subsection.2.1}{Localisation filtering at manually defined positions}{section.2}% 7
\BOOKMARK [2][-]{subsection.2.2}{The raw and filtered data}{section.2}% 8
\BOOKMARK [2][-]{subsection.2.3}{DNA origami and the need for blind samples}{section.2}% 9
\BOOKMARK [2][-]{subsection.2.4}{The choice of biological sample for resolution claims}{section.2}% 10
\BOOKMARK [1][-]{section.3}{Image rendering and visualisation enhancement}{}% 11
\BOOKMARK [2][-]{subsection.3.1}{Single-molecule subtleties}{section.3}% 12
\BOOKMARK [2][-]{subsection.3.2}{Reverse engineering the molecular components}{section.3}% 13
\BOOKMARK [2][-]{subsection.3.3}{Image rendering and the renditions}{section.3}% 14
\BOOKMARK [2][-]{subsection.3.4}{The devil is in the minutest detail}{section.3}% 15
\BOOKMARK [1][-]{section.4}{Multi-colour, 3D, live MINFLUX imaging and caveats when imaging continuous well-defined structures}{}% 16
\BOOKMARK [2][-]{subsection.4.1}{The missing molecular components in multi-color imaging}{section.4}% 17
\BOOKMARK [2][-]{subsection.4.2}{The rendered 3D MINFLUX data}{section.4}% 18
\BOOKMARK [2][-]{subsection.4.3}{MINFLUX imaging of continuous well-defined structures}{section.4}% 19
\BOOKMARK [2][-]{subsection.4.4}{Live MINFLUX imaging}{section.4}% 20
\BOOKMARK [1][-]{section.5}{Spatial resolution and localisation precision}{}% 21
\BOOKMARK [2][-]{subsection.5.1}{Precision is not resolution}{section.5}% 22
\BOOKMARK [2][-]{subsection.5.2}{Resolution quantification}{section.5}% 23
\BOOKMARK [2][-]{subsection.5.3}{1-nm resolution and 3-nm linker}{section.5}% 24
\BOOKMARK [2][-]{subsection.5.4}{Is it all about the principle and not practice?}{section.5}% 25
\BOOKMARK [1][-]{section.6}{Summary and the lessons from the past}{}% 26
\BOOKMARK [2][-]{subsection.6.1}{Towards standard biological reference structures}{section.6}% 27
\BOOKMARK [2][-]{subsection.6.2}{Potential research areas for MINFLUX}{section.6}% 28
\BOOKMARK [2][-]{subsection.6.3}{Reproduction crisis}{section.6}% 29
\BOOKMARK [2][-]{subsection.6.4}{Important conceptual advancement vs current technical limitations}{section.6}% 30
